<?xml version="1.0" encoding="UTF-8"?>
<!-- Generated by org.testng.reporters.JUnitReportReporter -->
<testsuite hostname="DESKTOP-OTSD4BU" failures="0" tests="1" name="com.lexnod.login.ValidLogin" time="142.565" errors="0" timestamp="2022-05-31T16:41:29 IST" skipped="0">
  <testcase classname="com.lexnod.login.ValidLogin" name="validLoginTest" time="142.565"/>
  <system-out>
    <![CDATA[validLoginTest method started
Lexnod Home page is Displayed,PASS
validLoginTest method PASSED]]>
  </system-out>
</testsuite> <!-- com.lexnod.login.ValidLogin -->
